#
# There is insufficient memory for the Java Runtime Environment to continue.
# Native memory allocation (malloc) failed to allocate 1108176 bytes for Chunk::new
# Possible reasons:
#   The system is out of physical RAM or swap space
#   The process is running with CompressedOops enabled, and the Java Heap may be blocking the growth of the native heap
# Possible solutions:
#   Reduce memory load on the system
#   Increase physical memory or swap space
#   Check if swap backing store is full
#   Decrease Java heap size (-Xmx/-Xms)
#   Decrease number of Java threads
#   Decrease Java thread stack sizes (-Xss)
#   Set larger code cache with -XX:ReservedCodeCacheSize=
#   JVM is running with Unscaled Compressed Oops mode in which the Java heap is
#     placed in the first 4GB address space. The Java Heap base address is the
#     maximum limit for the native heap growth. Please use -XX:HeapBaseMinAddress
#     to set the Java Heap base and to place the Java Heap above 4GB virtual address.
# This output file may be truncated or incomplete.
#
#  Out of Memory Error (arena.cpp:189), pid=7428, tid=964
#
# JRE version: Java(TM) SE Runtime Environment (17.0.5+9) (build 17.0.5+9-LTS-191)
# Java VM: Java HotSpot(TM) 64-Bit Server VM (17.0.5+9-LTS-191, mixed mode, sharing, tiered, compressed oops, compressed class ptrs, g1 gc, windows-amd64)
# No core dump will be written. Minidumps are not enabled by default on client versions of Windows
#

---------------  S U M M A R Y ------------

Command Line: -XX:+ShowCodeDetailsInExceptionMessages SandBox.WholeGame

Host: Intel(R) Core(TM) i3-10110U CPU @ 2.10GHz, 4 cores, 7G,  Windows 11 , 64 bit Build 22621 (10.0.22621.1344)
Time: Sun Apr 16 18:08:53 2023 Malay Peninsula Standard Time elapsed time: 92.994382 seconds (0d 0h 1m 32s)

---------------  T H R E A D  ---------------

Current thread (0x000002bef596dee0):  JavaThread "C2 CompilerThread0" daemon [_thread_in_native, id=964, stack(0x000000da9e800000,0x000000da9e900000)]


Current CompileTask:
C2:  92994 2186       4       SandBox.Mario::update (1280 bytes)

Stack: [0x000000da9e800000,0x000000da9e900000]
Native frames: (J=compiled Java code, j=interpreted, Vv=VM code, C=native code)
V  [jvm.dll+0x672eea]
V  [jvm.dll+0x7d2a04]
V  [jvm.dll+0x7d41ae]
V  [jvm.dll+0x7d4813]
V  [jvm.dll+0x242c15]
V  [jvm.dll+0xaa57b]
V  [jvm.dll+0xaab0c]
V  [jvm.dll+0x35ff42]
V  [jvm.dll+0x32a631]
V  [jvm.dll+0x329ada]
V  [jvm.dll+0x215cc1]
V  [jvm.dll+0x2150e1]
V  [jvm.dll+0x1a18ed]
V  [jvm.dll+0x22493a]
V  [jvm.dll+0x222aa5]
V  [jvm.dll+0x7885db]
V  [jvm.dll+0x782b4a]
V  [jvm.dll+0x671d75]
C  [ucrtbase.dll+0x29363]
C  [KERNEL32.DLL+0x126bd]
C  [ntdll.dll+0x5a9f8]


---------------  P R O C E S S  ---------------

Threads class SMR info:
_java_thread_list=0x000002bef9bb3b50, length=66, elements={
0x000002bef594e880, 0x000002bef594f430, 0x000002bef5965f30, 0x000002bef59688f0,
0x000002bef59692a0, 0x000002bef5969c50, 0x000002bef596dee0, 0x000002bef5976990,
0x000002bef59786b0, 0x000002bef64b5230, 0x000002bef64dd740, 0x000002bef66a2410,
0x000002bef66a28e0, 0x000002bef66a2db0, 0x000002bef67fcd20, 0x000002bef76c78b0,
0x000002bef76c8bf0, 0x000002bef76c9a60, 0x000002bef76c9f30, 0x000002bef76c9590,
0x000002bef76ca400, 0x000002bef76c6a40, 0x000002bef76c7d80, 0x000002bef76c90c0,
0x000002bef76c6f10, 0x000002bef76c73e0, 0x000002bef7829e80, 0x000002bef78294e0,
0x000002bef782d370, 0x000002bef782a820, 0x000002bef7827800, 0x000002bef782e1e0,
0x000002bef78299b0, 0x000002bef782c9d0, 0x000002bef782bb60, 0x000002bef78281a0,
0x000002bef782a350, 0x000002bef782f050, 0x000002bef7828670, 0x000002bef782d840,
0x000002bef782b690, 0x000002bef782acf0, 0x000002bef782c030, 0x000002bef782dd10,
0x000002bef7827cd0, 0x000002bef782b1c0, 0x000002bef782c500, 0x000002bef7828b40,
0x000002bef782cea0, 0x000002bef7829010, 0x000002bef782e6b0, 0x000002bef782eb80,
0x000002bef7911bd0, 0x000002bef7912f10, 0x000002bef7910890, 0x000002bef790e6e0,
0x000002bef790fef0, 0x000002bef7910d60, 0x000002bef7911230, 0x000002bef7911700,
0x000002bef79138b0, 0x000002bef7912a40, 0x000002bef790ca00, 0x000002bef790ebb0,
0x000002bef790f080, 0x000002bef790e210
}

Java Threads: ( => current thread )
  0x000002bef594e880 JavaThread "Reference Handler" daemon [_thread_blocked, id=16828, stack(0x000000da9e200000,0x000000da9e300000)]
  0x000002bef594f430 JavaThread "Finalizer" daemon [_thread_blocked, id=6704, stack(0x000000da9e300000,0x000000da9e400000)]
  0x000002bef5965f30 JavaThread "Signal Dispatcher" daemon [_thread_blocked, id=16660, stack(0x000000da9e400000,0x000000da9e500000)]
  0x000002bef59688f0 JavaThread "Attach Listener" daemon [_thread_blocked, id=876, stack(0x000000da9e500000,0x000000da9e600000)]
  0x000002bef59692a0 JavaThread "Service Thread" daemon [_thread_blocked, id=15460, stack(0x000000da9e600000,0x000000da9e700000)]
  0x000002bef5969c50 JavaThread "Monitor Deflation Thread" daemon [_thread_blocked, id=3928, stack(0x000000da9e700000,0x000000da9e800000)]
=>0x000002bef596dee0 JavaThread "C2 CompilerThread0" daemon [_thread_in_native, id=964, stack(0x000000da9e800000,0x000000da9e900000)]
  0x000002bef5976990 JavaThread "C1 CompilerThread0" daemon [_thread_blocked, id=5908, stack(0x000000da9e900000,0x000000da9ea00000)]
  0x000002bef59786b0 JavaThread "Sweeper thread" daemon [_thread_blocked, id=12732, stack(0x000000da9ea00000,0x000000da9eb00000)]
  0x000002bef64b5230 JavaThread "Notification Thread" daemon [_thread_blocked, id=13248, stack(0x000000da9eb00000,0x000000da9ec00000)]
  0x000002bef64dd740 JavaThread "Common-Cleaner" daemon [_thread_blocked, id=11976, stack(0x000000da9ed00000,0x000000da9ee00000)]
  0x000002bef66a2410 JavaThread "Java2D Disposer" daemon [_thread_blocked, id=5600, stack(0x000000da9ee00000,0x000000da9ef00000)]
  0x000002bef66a28e0 JavaThread "AWT-Shutdown" [_thread_blocked, id=16876, stack(0x000000da9ef00000,0x000000da9f000000)]
  0x000002bef66a2db0 JavaThread "AWT-Windows" daemon [_thread_in_native, id=3232, stack(0x000000da9f000000,0x000000da9f100000)]
  0x000002bef67fcd20 JavaThread "AWT-EventQueue-0" [_thread_blocked, id=8456, stack(0x000000da9f100000,0x000000da9f200000)]
  0x000002bef76c78b0 JavaThread "TimerQueue" daemon [_thread_blocked, id=15552, stack(0x000000da9f500000,0x000000da9f600000)]
  0x000002bef76c8bf0 JavaThread "Thread-0" [_thread_in_native, id=2932, stack(0x000000da9f600000,0x000000da9f700000)]
  0x000002bef76c9a60 JavaThread "DestroyJavaVM" [_thread_blocked, id=9384, stack(0x000000da9db00000,0x000000da9dc00000)]
  0x000002bef76c9f30 JavaThread "Java Sound Event Dispatcher" daemon [_thread_blocked, id=11260, stack(0x000000da9fd00000,0x000000da9fe00000)]
  0x000002bef76c9590 JavaThread "Direct Clip" daemon [_thread_blocked, id=18080, stack(0x000000daa0000000,0x000000daa0100000)]
  0x000002bef76ca400 JavaThread "Direct Clip" daemon [_thread_blocked, id=2756, stack(0x000000daa0100000,0x000000daa0200000)]
  0x000002bef76c6a40 JavaThread "Direct Clip" daemon [_thread_blocked, id=692, stack(0x000000daa0200000,0x000000daa0300000)]
  0x000002bef76c7d80 JavaThread "Direct Clip" daemon [_thread_blocked, id=1572, stack(0x000000daa0300000,0x000000daa0400000)]
  0x000002bef76c90c0 JavaThread "Direct Clip" daemon [_thread_blocked, id=16576, stack(0x000000daa0400000,0x000000daa0500000)]
  0x000002bef76c6f10 JavaThread "Direct Clip" daemon [_thread_blocked, id=3020, stack(0x000000daa0500000,0x000000daa0600000)]
  0x000002bef76c73e0 JavaThread "Direct Clip" daemon [_thread_blocked, id=6316, stack(0x000000daa0600000,0x000000daa0700000)]
  0x000002bef7829e80 JavaThread "Direct Clip" daemon [_thread_blocked, id=2544, stack(0x000000daa0700000,0x000000daa0800000)]
  0x000002bef78294e0 JavaThread "Direct Clip" daemon [_thread_blocked, id=2776, stack(0x000000daa0800000,0x000000daa0900000)]
  0x000002bef782d370 JavaThread "Direct Clip" daemon [_thread_blocked, id=9724, stack(0x000000daa0900000,0x000000daa0a00000)]
  0x000002bef782a820 JavaThread "Direct Clip" daemon [_thread_blocked, id=9572, stack(0x000000daa0a00000,0x000000daa0b00000)]
  0x000002bef7827800 JavaThread "Direct Clip" daemon [_thread_blocked, id=2132, stack(0x000000daa0b00000,0x000000daa0c00000)]
  0x000002bef782e1e0 JavaThread "Direct Clip" daemon [_thread_blocked, id=9716, stack(0x000000daa0c00000,0x000000daa0d00000)]
  0x000002bef78299b0 JavaThread "Direct Clip" daemon [_thread_blocked, id=9564, stack(0x000000daa0d00000,0x000000daa0e00000)]
  0x000002bef782c9d0 JavaThread "Direct Clip" daemon [_thread_blocked, id=5784, stack(0x000000daa0e00000,0x000000daa0f00000)]
  0x000002bef782bb60 JavaThread "Direct Clip" daemon [_thread_blocked, id=17552, stack(0x000000daa0f00000,0x000000daa1000000)]
  0x000002bef78281a0 JavaThread "Direct Clip" daemon [_thread_blocked, id=7756, stack(0x000000daa1000000,0x000000daa1100000)]
  0x000002bef782a350 JavaThread "Direct Clip" daemon [_thread_blocked, id=2076, stack(0x000000daa1100000,0x000000daa1200000)]
  0x000002bef782f050 JavaThread "Direct Clip" daemon [_thread_blocked, id=16324, stack(0x000000daa1200000,0x000000daa1300000)]
  0x000002bef7828670 JavaThread "Direct Clip" daemon [_thread_blocked, id=244, stack(0x000000daa1300000,0x000000daa1400000)]
  0x000002bef782d840 JavaThread "Direct Clip" daemon [_thread_blocked, id=12044, stack(0x000000daa1400000,0x000000daa1500000)]
  0x000002bef782b690 JavaThread "Direct Clip" daemon [_thread_blocked, id=8688, stack(0x000000daa1500000,0x000000daa1600000)]
  0x000002bef782acf0 JavaThread "Direct Clip" daemon [_thread_blocked, id=2064, stack(0x000000daa1600000,0x000000daa1700000)]
  0x000002bef782c030 JavaThread "Direct Clip" daemon [_thread_blocked, id=12208, stack(0x000000daa1700000,0x000000daa1800000)]
  0x000002bef782dd10 JavaThread "Direct Clip" daemon [_thread_blocked, id=5792, stack(0x000000daa1800000,0x000000daa1900000)]
  0x000002bef7827cd0 JavaThread "Direct Clip" daemon [_thread_blocked, id=16848, stack(0x000000daa1900000,0x000000daa1a00000)]
  0x000002bef782b1c0 JavaThread "Direct Clip" daemon [_thread_blocked, id=11816, stack(0x000000daa1a00000,0x000000daa1b00000)]
  0x000002bef782c500 JavaThread "Direct Clip" daemon [_thread_blocked, id=6380, stack(0x000000daa1b00000,0x000000daa1c00000)]
  0x000002bef7828b40 JavaThread "Direct Clip" daemon [_thread_blocked, id=820, stack(0x000000daa1c00000,0x000000daa1d00000)]
  0x000002bef782cea0 JavaThread "Direct Clip" daemon [_thread_blocked, id=16464, stack(0x000000daa1d00000,0x000000daa1e00000)]
  0x000002bef7829010 JavaThread "Direct Clip" daemon [_thread_blocked, id=7384, stack(0x000000daa1e00000,0x000000daa1f00000)]
  0x000002bef782e6b0 JavaThread "Direct Clip" daemon [_thread_blocked, id=13664, stack(0x000000daa1f00000,0x000000daa2000000)]
  0x000002bef782eb80 JavaThread "Direct Clip" daemon [_thread_blocked, id=4996, stack(0x000000daa2000000,0x000000daa2100000)]
  0x000002bef7911bd0 JavaThread "Direct Clip" daemon [_thread_blocked, id=15192, stack(0x000000daa2100000,0x000000daa2200000)]
  0x000002bef7912f10 JavaThread "Direct Clip" daemon [_thread_blocked, id=9776, stack(0x000000daa2200000,0x000000daa2300000)]
  0x000002bef7910890 JavaThread "Direct Clip" daemon [_thread_blocked, id=12484, stack(0x000000daa2300000,0x000000daa2400000)]
  0x000002bef790e6e0 JavaThread "Direct Clip" daemon [_thread_blocked, id=5264, stack(0x000000daa2400000,0x000000daa2500000)]
  0x000002bef790fef0 JavaThread "Direct Clip" daemon [_thread_blocked, id=13836, stack(0x000000daa2500000,0x000000daa2600000)]
  0x000002bef7910d60 JavaThread "Direct Clip" daemon [_thread_blocked, id=4280, stack(0x000000daa2600000,0x000000daa2700000)]
  0x000002bef7911230 JavaThread "Direct Clip" daemon [_thread_blocked, id=8544, stack(0x000000daa2700000,0x000000daa2800000)]
  0x000002bef7911700 JavaThread "Direct Clip" daemon [_thread_blocked, id=1628, stack(0x000000daa2800000,0x000000daa2900000)]
  0x000002bef79138b0 JavaThread "Direct Clip" daemon [_thread_blocked, id=13416, stack(0x000000daa2900000,0x000000daa2a00000)]
  0x000002bef7912a40 JavaThread "Direct Clip" daemon [_thread_blocked, id=3348, stack(0x000000daa2a00000,0x000000daa2b00000)]
  0x000002bef790ca00 JavaThread "Direct Clip" daemon [_thread_blocked, id=11548, stack(0x000000daa2b00000,0x000000daa2c00000)]
  0x000002bef790ebb0 JavaThread "Direct Clip" daemon [_thread_blocked, id=3656, stack(0x000000daa2c00000,0x000000daa2d00000)]
  0x000002bef790f080 JavaThread "Direct Clip" daemon [_thread_blocked, id=1856, stack(0x000000daa2d00000,0x000000daa2e00000)]
  0x000002bef790e210 JavaThread "Direct Clip" daemon [_thread_blocked, id=3464, stack(0x000000daa2e00000,0x000000daa2f00000)]

Other Threads:
  0x000002bef5948de0 VMThread "VM Thread" [stack: 0x000000da9e100000,0x000000da9e200000] [id=9076]
  0x000002bef6437e70 WatcherThread [stack: 0x000000da9ec00000,0x000000da9ed00000] [id=6764]
  0x000002bed62a1fb0 GCTaskThread "GC Thread#0" [stack: 0x000000da9dc00000,0x000000da9dd00000] [id=17644]
  0x000002bef777b230 GCTaskThread "GC Thread#1" [stack: 0x000000da9f800000,0x000000da9f900000] [id=14848]
  0x000002bef776a4c0 GCTaskThread "GC Thread#2" [stack: 0x000000da9f900000,0x000000da9fa00000] [id=3068]
  0x000002bef77a8ab0 GCTaskThread "GC Thread#3" [stack: 0x000000da9fa00000,0x000000da9fb00000] [id=10508]
  0x000002bed62b2b50 ConcurrentGCThread "G1 Main Marker" [stack: 0x000000da9dd00000,0x000000da9de00000] [id=6776]
  0x000002bed62b3d00 ConcurrentGCThread "G1 Conc#0" [stack: 0x000000da9de00000,0x000000da9df00000] [id=11972]
  0x000002bed631e300 ConcurrentGCThread "G1 Refine#0" [stack: 0x000000da9df00000,0x000000da9e000000] [id=856]
  0x000002bed631ebc0 ConcurrentGCThread "G1 Service" [stack: 0x000000da9e000000,0x000000da9e100000] [id=3884]

Threads with active compile tasks:
C2 CompilerThread0    93030 2186       4       SandBox.Mario::update (1280 bytes)

VM state: not at safepoint (normal execution)

VM Mutex/Monitor currently owned by a thread: None

Heap address: 0x0000000082800000, size: 2008 MB, Compressed Oops mode: 32-bit

CDS archive(s) mapped at: [0x0000000800000000-0x0000000800bd0000-0x0000000800bd0000), size 12386304, SharedBaseAddress: 0x0000000800000000, ArchiveRelocationMode: 0.
Compressed class space mapped at: 0x0000000800c00000-0x0000000840c00000, reserved size: 1073741824
Narrow klass base: 0x0000000800000000, Narrow klass shift: 0, Narrow klass range: 0x100000000

GC Precious Log:
 CPUs: 4 total, 4 available
 Memory: 8025M
 Large Page Support: Disabled
 NUMA Support: Disabled
 Compressed Oops: Enabled (32-bit)
 Heap Region Size: 1M
 Heap Min Capacity: 8M
 Heap Initial Capacity: 126M
 Heap Max Capacity: 2008M
 Pre-touch: Disabled
 Parallel Workers: 4
 Concurrent Workers: 1
 Concurrent Refinement Workers: 4
 Periodic GC: Disabled

Heap:
 garbage-first heap   total 93184K, used 71317K [0x0000000082800000, 0x0000000100000000)
  region size 1024K, 33 young (33792K), 1 survivors (1024K)
 Metaspace       used 11067K, committed 11328K, reserved 1064960K
  class space    used 1276K, committed 1408K, reserved 1048576K

Heap Regions: E=young(eden), S=young(survivor), O=old, HS=humongous(starts), HC=humongous(continues), CS=collection set, F=free, OA=open archive, CA=closed archive, TAMS=top-at-mark-start (previous, next)
|   0|0x0000000082800000, 0x0000000082900000, 0x0000000082900000|100%|HS|  |TAMS 0x0000000082900000, 0x0000000082800000| Untracked 
|   1|0x0000000082900000, 0x0000000082a00000, 0x0000000082a00000|100%|HC|  |TAMS 0x0000000082a00000, 0x0000000082900000| Untracked 
|   2|0x0000000082a00000, 0x0000000082af9ad8, 0x0000000082b00000| 97%| O|  |TAMS 0x0000000082a00000, 0x0000000082a00000| Untracked 
|   3|0x0000000082b00000, 0x0000000082c00000, 0x0000000082c00000|100%| O|  |TAMS 0x0000000082c00000, 0x0000000082b00000| Untracked 
|   4|0x0000000082c00000, 0x0000000082cfcb48, 0x0000000082d00000| 98%| O|  |TAMS 0x0000000082cfcb48, 0x0000000082c00000| Untracked 
|   5|0x0000000082d00000, 0x0000000082dfffb0, 0x0000000082e00000| 99%| O|  |TAMS 0x0000000082d00000, 0x0000000082d00000| Untracked 
|   6|0x0000000082e00000, 0x0000000082f00000, 0x0000000082f00000|100%| O|  |TAMS 0x0000000082f00000, 0x0000000082e00000| Untracked 
|   7|0x0000000082f00000, 0x0000000083000000, 0x0000000083000000|100%|HS|  |TAMS 0x0000000083000000, 0x0000000082f00000| Untracked 
|   8|0x0000000083000000, 0x0000000083100000, 0x0000000083100000|100%|HC|  |TAMS 0x0000000083100000, 0x0000000083000000| Untracked 
|   9|0x0000000083100000, 0x0000000083200000, 0x0000000083200000|100%| O|  |TAMS 0x0000000083200000, 0x0000000083100000| Untracked 
|  10|0x0000000083200000, 0x0000000083300000, 0x0000000083300000|100%|HS|  |TAMS 0x0000000083300000, 0x0000000083200000| Untracked 
|  11|0x0000000083300000, 0x0000000083400000, 0x0000000083400000|100%|HC|  |TAMS 0x0000000083400000, 0x0000000083300000| Untracked 
|  12|0x0000000083400000, 0x0000000083500000, 0x0000000083500000|100%|HC|  |TAMS 0x0000000083500000, 0x0000000083400000| Untracked 
|  13|0x0000000083500000, 0x0000000083600000, 0x0000000083600000|100%|HC|  |TAMS 0x0000000083600000, 0x0000000083500000| Untracked 
|  14|0x0000000083600000, 0x0000000083700000, 0x0000000083700000|100%|HC|  |TAMS 0x0000000083700000, 0x0000000083600000| Untracked 
|  15|0x0000000083700000, 0x0000000083800000, 0x0000000083800000|100%|HC|  |TAMS 0x0000000083800000, 0x0000000083700000| Untracked 
|  16|0x0000000083800000, 0x0000000083900000, 0x0000000083900000|100%|HC|  |TAMS 0x0000000083900000, 0x0000000083800000| Untracked 
|  17|0x0000000083900000, 0x0000000083a00000, 0x0000000083a00000|100%|HC|  |TAMS 0x0000000083a00000, 0x0000000083900000| Untracked 
|  18|0x0000000083a00000, 0x0000000083b00000, 0x0000000083b00000|100%| O|  |TAMS 0x0000000083b00000, 0x0000000083a00000| Untracked 
|  19|0x0000000083b00000, 0x0000000083c00000, 0x0000000083c00000|100%| O|  |TAMS 0x0000000083c00000, 0x0000000083b00000| Untracked 
|  20|0x0000000083c00000, 0x0000000083d00000, 0x0000000083d00000|100%|HS|  |TAMS 0x0000000083d00000, 0x0000000083c00000| Untracked 
|  21|0x0000000083d00000, 0x0000000083e00000, 0x0000000083e00000|100%|HC|  |TAMS 0x0000000083e00000, 0x0000000083d00000| Untracked 
|  22|0x0000000083e00000, 0x0000000083f00000, 0x0000000083f00000|100%|HS|  |TAMS 0x0000000083f00000, 0x0000000083e00000| Untracked 
|  23|0x0000000083f00000, 0x0000000084000000, 0x0000000084000000|100%| O|  |TAMS 0x0000000084000000, 0x0000000083f00000| Untracked 
|  24|0x0000000084000000, 0x00000000840ffe40, 0x0000000084100000| 99%| O|  |TAMS 0x0000000084000000, 0x0000000084000000| Untracked 
|  25|0x0000000084100000, 0x0000000084200000, 0x0000000084200000|100%|HS|  |TAMS 0x0000000084200000, 0x0000000084100000| Untracked 
|  26|0x0000000084200000, 0x0000000084300000, 0x0000000084300000|100%|HC|  |TAMS 0x0000000084300000, 0x0000000084200000| Untracked 
|  27|0x0000000084300000, 0x0000000084400000, 0x0000000084400000|100%|HS|  |TAMS 0x0000000084400000, 0x0000000084300000| Untracked 
|  28|0x0000000084400000, 0x0000000084500000, 0x0000000084500000|100%|HC|  |TAMS 0x0000000084500000, 0x0000000084400000| Untracked 
|  29|0x0000000084500000, 0x0000000084600000, 0x0000000084600000|100%|HS|  |TAMS 0x0000000084600000, 0x0000000084500000| Untracked 
|  30|0x0000000084600000, 0x0000000084700000, 0x0000000084700000|100%|HC|  |TAMS 0x0000000084700000, 0x0000000084600000| Untracked 
|  31|0x0000000084700000, 0x0000000084800000, 0x0000000084800000|100%|HC|  |TAMS 0x0000000084800000, 0x0000000084700000| Untracked 
|  32|0x0000000084800000, 0x0000000084900000, 0x0000000084900000|100%|HS|  |TAMS 0x0000000084900000, 0x0000000084800000| Untracked 
|  33|0x0000000084900000, 0x0000000084a00000, 0x0000000084a00000|100%|HC|  |TAMS 0x0000000084a00000, 0x0000000084900000| Untracked 
|  34|0x0000000084a00000, 0x0000000084b00000, 0x0000000084b00000|100%|HC|  |TAMS 0x0000000084b00000, 0x0000000084a00000| Untracked 
|  35|0x0000000084b00000, 0x0000000084bff2c0, 0x0000000084c00000| 99%| O|  |TAMS 0x0000000084b00000, 0x0000000084b00000| Untracked 
|  36|0x0000000084c00000, 0x0000000084cffff0, 0x0000000084d00000| 99%| O|  |TAMS 0x0000000084cffff0, 0x0000000084c00000| Untracked 
|  37|0x0000000084d00000, 0x0000000084da78a0, 0x0000000084e00000| 65%| O|  |TAMS 0x0000000084d00000, 0x0000000084d00000| Untracked 
|  38|0x0000000084e00000, 0x0000000084e00000, 0x0000000084f00000|  0%| F|  |TAMS 0x0000000084e00000, 0x0000000084e00000| Untracked 
|  39|0x0000000084f00000, 0x0000000084f00000, 0x0000000085000000|  0%| F|  |TAMS 0x0000000084f00000, 0x0000000084f00000| Untracked 
|  40|0x0000000085000000, 0x0000000085000000, 0x0000000085100000|  0%| F|  |TAMS 0x0000000085000000, 0x0000000085000000| Untracked 
|  41|0x0000000085100000, 0x0000000085100000, 0x0000000085200000|  0%| F|  |TAMS 0x0000000085100000, 0x0000000085100000| Untracked 
|  42|0x0000000085200000, 0x0000000085200000, 0x0000000085300000|  0%| F|  |TAMS 0x0000000085200000, 0x0000000085200000| Untracked 
|  43|0x0000000085300000, 0x0000000085300000, 0x0000000085400000|  0%| F|  |TAMS 0x0000000085300000, 0x0000000085300000| Untracked 
|  44|0x0000000085400000, 0x0000000085400000, 0x0000000085500000|  0%| F|  |TAMS 0x0000000085400000, 0x0000000085400000| Untracked 
|  45|0x0000000085500000, 0x0000000085500000, 0x0000000085600000|  0%| F|  |TAMS 0x0000000085500000, 0x0000000085500000| Untracked 
|  46|0x0000000085600000, 0x0000000085600000, 0x0000000085700000|  0%| F|  |TAMS 0x0000000085600000, 0x0000000085600000| Untracked 
|  47|0x0000000085700000, 0x0000000085700000, 0x0000000085800000|  0%| F|  |TAMS 0x0000000085700000, 0x0000000085700000| Untracked 
|  48|0x0000000085800000, 0x0000000085800000, 0x0000000085900000|  0%| F|  |TAMS 0x0000000085800000, 0x0000000085800000| Untracked 
|  49|0x0000000085900000, 0x0000000085900000, 0x0000000085a00000|  0%| F|  |TAMS 0x0000000085900000, 0x0000000085900000| Untracked 
|  50|0x0000000085a00000, 0x0000000085a00000, 0x0000000085b00000|  0%| F|  |TAMS 0x0000000085a00000, 0x0000000085a00000| Untracked 
|  51|0x0000000085b00000, 0x0000000085b00000, 0x0000000085c00000|  0%| F|  |TAMS 0x0000000085b00000, 0x0000000085b00000| Untracked 
|  52|0x0000000085c00000, 0x0000000085c00000, 0x0000000085d00000|  0%| F|  |TAMS 0x0000000085c00000, 0x0000000085c00000| Untracked 
|  53|0x0000000085d00000, 0x0000000085d00000, 0x0000000085e00000|  0%| F|  |TAMS 0x0000000085d00000, 0x0000000085d00000| Untracked 
|  54|0x0000000085e00000, 0x0000000085e00000, 0x0000000085f00000|  0%| F|  |TAMS 0x0000000085e00000, 0x0000000085e00000| Untracked 
|  55|0x0000000085f00000, 0x0000000085f00000, 0x0000000086000000|  0%| F|  |TAMS 0x0000000085f00000, 0x0000000085f00000| Untracked 
|  56|0x0000000086000000, 0x0000000086000000, 0x0000000086100000|  0%| F|  |TAMS 0x0000000086000000, 0x0000000086000000| Untracked 
|  57|0x0000000086100000, 0x0000000086180800, 0x0000000086200000| 50%| E|  |TAMS 0x0000000086100000, 0x0000000086100000| Complete 
|  58|0x0000000086200000, 0x0000000086300000, 0x0000000086300000|100%| E|CS|TAMS 0x0000000086200000, 0x0000000086200000| Complete 
|  59|0x0000000086300000, 0x0000000086400000, 0x0000000086400000|100%| E|CS|TAMS 0x0000000086300000, 0x0000000086300000| Complete 
|  60|0x0000000086400000, 0x0000000086500000, 0x0000000086500000|100%| E|CS|TAMS 0x0000000086400000, 0x0000000086400000| Complete 
|  61|0x0000000086500000, 0x0000000086600000, 0x0000000086600000|100%| E|CS|TAMS 0x0000000086500000, 0x0000000086500000| Complete 
|  62|0x0000000086600000, 0x0000000086700000, 0x0000000086700000|100%| E|CS|TAMS 0x0000000086600000, 0x0000000086600000| Complete 
|  63|0x0000000086700000, 0x0000000086800000, 0x0000000086800000|100%| E|CS|TAMS 0x0000000086700000, 0x0000000086700000| Complete 
|  64|0x0000000086800000, 0x0000000086900000, 0x0000000086900000|100%| E|CS|TAMS 0x0000000086800000, 0x0000000086800000| Complete 
|  65|0x0000000086900000, 0x0000000086a00000, 0x0000000086a00000|100%| E|CS|TAMS 0x0000000086900000, 0x0000000086900000| Complete 
|  66|0x0000000086a00000, 0x0000000086b00000, 0x0000000086b00000|100%| E|CS|TAMS 0x0000000086a00000, 0x0000000086a00000| Complete 
|  67|0x0000000086b00000, 0x0000000086c00000, 0x0000000086c00000|100%| E|CS|TAMS 0x0000000086b00000, 0x0000000086b00000| Complete 
|  68|0x0000000086c00000, 0x0000000086c09f90, 0x0000000086d00000|  3%| S|CS|TAMS 0x0000000086c00000, 0x0000000086c00000| Complete 
|  69|0x0000000086d00000, 0x0000000086e00000, 0x0000000086e00000|100%| E|CS|TAMS 0x0000000086d00000, 0x0000000086d00000| Complete 
|  70|0x0000000086e00000, 0x0000000086f00000, 0x0000000086f00000|100%| E|CS|TAMS 0x0000000086e00000, 0x0000000086e00000| Complete 
|  71|0x0000000086f00000, 0x0000000087000000, 0x0000000087000000|100%| E|CS|TAMS 0x0000000086f00000, 0x0000000086f00000| Complete 
|  72|0x0000000087000000, 0x0000000087100000, 0x0000000087100000|100%| E|CS|TAMS 0x0000000087000000, 0x0000000087000000| Complete 
|  73|0x0000000087100000, 0x0000000087200000, 0x0000000087200000|100%| E|CS|TAMS 0x0000000087100000, 0x0000000087100000| Complete 
|  74|0x0000000087200000, 0x0000000087300000, 0x0000000087300000|100%| E|CS|TAMS 0x0000000087200000, 0x0000000087200000| Complete 
|  75|0x0000000087300000, 0x0000000087400000, 0x0000000087400000|100%| E|CS|TAMS 0x0000000087300000, 0x0000000087300000| Complete 
|  76|0x0000000087400000, 0x0000000087500000, 0x0000000087500000|100%| E|CS|TAMS 0x0000000087400000, 0x0000000087400000| Complete 
|  77|0x0000000087500000, 0x0000000087600000, 0x0000000087600000|100%| E|CS|TAMS 0x0000000087500000, 0x0000000087500000| Complete 
|  78|0x0000000087600000, 0x00000000876fe7b8, 0x0000000087700000| 99%| O|  |TAMS 0x00000000876fe7b8, 0x0000000087600000| Untracked 
|  79|0x0000000087700000, 0x0000000087800000, 0x0000000087800000|100%| E|CS|TAMS 0x0000000087700000, 0x0000000087700000| Complete 
|  80|0x0000000087800000, 0x0000000087900000, 0x0000000087900000|100%| E|CS|TAMS 0x0000000087800000, 0x0000000087800000| Complete 
|  81|0x0000000087900000, 0x0000000087a00000, 0x0000000087a00000|100%| E|CS|TAMS 0x0000000087900000, 0x0000000087900000| Complete 
|  82|0x0000000087a00000, 0x0000000087b00000, 0x0000000087b00000|100%| E|CS|TAMS 0x0000000087a00000, 0x0000000087a00000| Complete 
|  83|0x0000000087b00000, 0x0000000087c00000, 0x0000000087c00000|100%| E|CS|TAMS 0x0000000087b00000, 0x0000000087b00000| Complete 
|  84|0x0000000087c00000, 0x0000000087d00000, 0x0000000087d00000|100%| E|CS|TAMS 0x0000000087c00000, 0x0000000087c00000| Complete 
|  85|0x0000000087d00000, 0x0000000087e00000, 0x0000000087e00000|100%| E|CS|TAMS 0x0000000087d00000, 0x0000000087d00000| Complete 
|  86|0x0000000087e00000, 0x0000000087f00000, 0x0000000087f00000|100%| E|CS|TAMS 0x0000000087e00000, 0x0000000087e00000| Complete 
|  87|0x0000000087f00000, 0x0000000088000000, 0x0000000088000000|100%| E|CS|TAMS 0x0000000087f00000, 0x0000000087f00000| Complete 
|  88|0x0000000088000000, 0x0000000088100000, 0x0000000088100000|100%| E|CS|TAMS 0x0000000088000000, 0x0000000088000000| Complete 
|  89|0x0000000088100000, 0x0000000088200000, 0x0000000088200000|100%| E|CS|TAMS 0x0000000088100000, 0x0000000088100000| Complete 
|  90|0x0000000088200000, 0x0000000088300000, 0x0000000088300000|100%| E|CS|TAMS 0x0000000088200000, 0x0000000088200000| Complete 

Card table byte_map: [0x000002beeecb0000,0x000002beef0a0000] _byte_map_base: 0x000002beee89c000

Marking Bits (Prev, Next): (CMBitMap*) 0x000002bed62a2600, (CMBitMap*) 0x000002bed62a25c0
 Prev Bits: [0x000002bef13f0000, 0x000002bef3350000)
 Next Bits: [0x000002beef490000, 0x000002bef13f0000)

Polling page: 0x000002bed60f0000

Metaspace:

Usage:
  Non-class:      9.56 MB used.
      Class:      1.25 MB used.
       Both:     10.81 MB used.

Virtual space:
  Non-class space:       16.00 MB reserved,       9.69 MB ( 61%) committed,  2 nodes.
      Class space:        1.00 GB reserved,       1.38 MB ( <1%) committed,  1 nodes.
             Both:        1.02 GB reserved,      11.06 MB (  1%) committed. 

Chunk freelists:
   Non-Class:  2.30 MB
       Class:  2.55 MB
        Both:  4.84 MB

MaxMetaspaceSize: unlimited
CompressedClassSpaceSize: 1.00 GB
Initial GC threshold: 21.00 MB
Current GC threshold: 21.00 MB
CDS: on
MetaspaceReclaimPolicy: balanced
 - commit_granule_bytes: 65536.
 - commit_granule_words: 8192.
 - virtual_space_node_default_size: 1048576.
 - enlarge_chunks_in_place: 1.
 - new_chunks_are_fully_committed: 0.
 - uncommit_free_chunks: 1.
 - use_allocation_guard: 0.
 - handle_deallocations: 1.


Internal statistics:

num_allocs_failed_limit: 0.
num_arena_births: 140.
num_arena_deaths: 0.
num_vsnodes_births: 3.
num_vsnodes_deaths: 0.
num_space_committed: 177.
num_space_uncommitted: 0.
num_chunks_returned_to_freelist: 0.
num_chunks_taken_from_freelist: 256.
num_chunk_merges: 0.
num_chunk_splits: 143.
num_chunks_enlarged: 63.
num_purges: 0.
num_inconsistent_stats: 0.

CodeHeap 'non-profiled nmethods': size=120000Kb used=1024Kb max_used=1024Kb free=118975Kb
 bounds [0x000002bee6d60000, 0x000002bee6fd0000, 0x000002beee290000]
CodeHeap 'profiled nmethods': size=120000Kb used=4272Kb max_used=4272Kb free=115728Kb
 bounds [0x000002bedf830000, 0x000002bedfc60000, 0x000002bee6d60000]
CodeHeap 'non-nmethods': size=5760Kb used=1302Kb max_used=1375Kb free=4457Kb
 bounds [0x000002bedf290000, 0x000002bedf500000, 0x000002bedf830000]
 total_blobs=2822 nmethods=2185 adapters=550
 compilation: enabled
              stopped_count=0, restarted_count=0
 full_count=0

Compilation events (20 events):
Event: 88.806 Thread 0x000002bef596dee0 nmethod 2176 0x000002bee6e58b10 code [0x000002bee6e58d20, 0x000002bee6e599d0]
Event: 89.315 Thread 0x000002bef596dee0 2177       4       Collusion.Player_Brick::collided (671 bytes)
Event: 89.333 Thread 0x000002bef596dee0 nmethod 2177 0x000002bee6e5a290 code [0x000002bee6e5a4a0, 0x000002bee6e5ac28]
Event: 91.158 Thread 0x000002bef596dee0 2178       4       sun.java2d.SunGraphics2D::translate (68 bytes)
Event: 91.174 Thread 0x000002bef596dee0 nmethod 2178 0x000002bee6e5b310 code [0x000002bee6e5b4c0, 0x000002bee6e5bda8]
Event: 91.235 Thread 0x000002bef596dee0 2179       4       sun.java2d.pipe.Region::isInsideQuickCheck (57 bytes)
Event: 91.237 Thread 0x000002bef596dee0 nmethod 2179 0x000002bee6e5c090 code [0x000002bee6e5c220, 0x000002bee6e5c358]
Event: 91.974 Thread 0x000002bef596dee0 2180       4       sun.java2d.SunGraphics2D::constrain (11 bytes)
Event: 91.988 Thread 0x000002bef596dee0 nmethod 2180 0x000002bee6e5c490 code [0x000002bee6e5c680, 0x000002bee6e5cfb8]
Event: 92.453 Thread 0x000002bef596dee0 2181       4       sun.java2d.SunGraphics2D::scale (14 bytes)
Event: 92.469 Thread 0x000002bef596dee0 nmethod 2181 0x000002bee6e5d610 code [0x000002bee6e5d7e0, 0x000002bee6e5e118]
Event: 92.634 Thread 0x000002bef596dee0 2182       4       java.util.HashMap::clear (50 bytes)
Event: 92.636 Thread 0x000002bef596dee0 nmethod 2182 0x000002bee6e5e410 code [0x000002bee6e5e580, 0x000002bee6e5e618]
Event: 92.681 Thread 0x000002bef596dee0 2183   !   4       sun.awt.image.VolatileSurfaceManager::validate (213 bytes)
Event: 92.684 Thread 0x000002bef596dee0 nmethod 2183 0x000002bee6e5e710 code [0x000002bee6e5e880, 0x000002bee6e5e958]
Event: 92.686 Thread 0x000002bef596dee0 2184       4       sun.awt.windows.WComponentPeer::getGraphics (204 bytes)
Event: 92.713 Thread 0x000002bef596dee0 nmethod 2184 0x000002bee6e5ea90 code [0x000002bee6e5ec60, 0x000002bee6e5f6e8]
Event: 92.847 Thread 0x000002bef596dee0 2185       4       sun.java2d.d3d.D3DRenderQueue::flushBuffer (46 bytes)
Event: 92.852 Thread 0x000002bef596dee0 nmethod 2185 0x000002bee6e5fd10 code [0x000002bee6e5fea0, 0x000002bee6e60008]
Event: 92.853 Thread 0x000002bef596dee0 2186       4       SandBox.Mario::update (1280 bytes)

GC Heap History (20 events):
Event: 5.318 GC heap before
{Heap before GC invocations=3 (full 1):
 garbage-first heap   total 20480K, used 9390K [0x0000000082800000, 0x0000000100000000)
  region size 1024K, 1 young (1024K), 1 survivors (1024K)
 Metaspace       used 9450K, committed 9728K, reserved 1064960K
  class space    used 1086K, committed 1216K, reserved 1048576K
}
Event: 5.319 GC heap after
{Heap after GC invocations=4 (full 1):
 garbage-first heap   total 20480K, used 9368K [0x0000000082800000, 0x0000000100000000)
  region size 1024K, 1 young (1024K), 1 survivors (1024K)
 Metaspace       used 9450K, committed 9728K, reserved 1064960K
  class space    used 1086K, committed 1216K, reserved 1048576K
}
Event: 5.332 GC heap before
{Heap before GC invocations=4 (full 1):
 garbage-first heap   total 20480K, used 17560K [0x0000000082800000, 0x0000000100000000)
  region size 1024K, 1 young (1024K), 1 survivors (1024K)
 Metaspace       used 9450K, committed 9728K, reserved 1064960K
  class space    used 1086K, committed 1216K, reserved 1048576K
}
Event: 5.333 GC heap after
{Heap after GC invocations=5 (full 1):
 garbage-first heap   total 20480K, used 17558K [0x0000000082800000, 0x0000000100000000)
  region size 1024K, 1 young (1024K), 1 survivors (1024K)
 Metaspace       used 9450K, committed 9728K, reserved 1064960K
  class space    used 1086K, committed 1216K, reserved 1048576K
}
Event: 5.538 GC heap before
{Heap before GC invocations=6 (full 1):
 garbage-first heap   total 34816K, used 21654K [0x0000000082800000, 0x0000000100000000)
  region size 1024K, 2 young (2048K), 1 survivors (1024K)
 Metaspace       used 9482K, committed 9728K, reserved 1064960K
  class space    used 1088K, committed 1216K, reserved 1048576K
}
Event: 5.539 GC heap after
{Heap after GC invocations=7 (full 1):
 garbage-first heap   total 34816K, used 21181K [0x0000000082800000, 0x0000000100000000)
  region size 1024K, 1 young (1024K), 1 survivors (1024K)
 Metaspace       used 9482K, committed 9728K, reserved 1064960K
  class space    used 1088K, committed 1216K, reserved 1048576K
}
Event: 5.578 GC heap before
{Heap before GC invocations=7 (full 1):
 garbage-first heap   total 34816K, used 22205K [0x0000000082800000, 0x0000000100000000)
  region size 1024K, 2 young (2048K), 1 survivors (1024K)
 Metaspace       used 9530K, committed 9792K, reserved 1064960K
  class space    used 1089K, committed 1216K, reserved 1048576K
}
Event: 5.579 GC heap after
{Heap after GC invocations=8 (full 1):
 garbage-first heap   total 34816K, used 21499K [0x0000000082800000, 0x0000000100000000)
  region size 1024K, 1 young (1024K), 1 survivors (1024K)
 Metaspace       used 9530K, committed 9792K, reserved 1064960K
  class space    used 1089K, committed 1216K, reserved 1048576K
}
Event: 5.612 GC heap before
{Heap before GC invocations=8 (full 1):
 garbage-first heap   total 34816K, used 22523K [0x0000000082800000, 0x0000000100000000)
  region size 1024K, 3 young (3072K), 1 survivors (1024K)
 Metaspace       used 9571K, committed 9792K, reserved 1064960K
  class space    used 1089K, committed 1216K, reserved 1048576K
}
Event: 5.613 GC heap after
{Heap after GC invocations=9 (full 1):
 garbage-first heap   total 34816K, used 22169K [0x0000000082800000, 0x0000000100000000)
  region size 1024K, 1 young (1024K), 1 survivors (1024K)
 Metaspace       used 9571K, committed 9792K, reserved 1064960K
  class space    used 1089K, committed 1216K, reserved 1048576K
}
Event: 5.668 GC heap before
{Heap before GC invocations=10 (full 1):
 garbage-first heap   total 39936K, used 24217K [0x0000000082800000, 0x0000000100000000)
  region size 1024K, 4 young (4096K), 1 survivors (1024K)
 Metaspace       used 9655K, committed 9920K, reserved 1064960K
  class space    used 1089K, committed 1216K, reserved 1048576K
}
Event: 5.670 GC heap after
{Heap after GC invocations=11 (full 1):
 garbage-first heap   total 39936K, used 23786K [0x0000000082800000, 0x0000000100000000)
  region size 1024K, 1 young (1024K), 1 survivors (1024K)
 Metaspace       used 9655K, committed 9920K, reserved 1064960K
  class space    used 1089K, committed 1216K, reserved 1048576K
}
Event: 5.687 GC heap before
{Heap before GC invocations=11 (full 1):
 garbage-first heap   total 39936K, used 23786K [0x0000000082800000, 0x0000000100000000)
  region size 1024K, 2 young (2048K), 1 survivors (1024K)
 Metaspace       used 9685K, committed 9920K, reserved 1064960K
  class space    used 1089K, committed 1216K, reserved 1048576K
}
Event: 5.689 GC heap after
{Heap after GC invocations=12 (full 1):
 garbage-first heap   total 93184K, used 24168K [0x0000000082800000, 0x0000000100000000)
  region size 1024K, 1 young (1024K), 1 survivors (1024K)
 Metaspace       used 9685K, committed 9920K, reserved 1064960K
  class space    used 1089K, committed 1216K, reserved 1048576K
}
Event: 6.202 GC heap before
{Heap before GC invocations=12 (full 1):
 garbage-first heap   total 93184K, used 49768K [0x0000000082800000, 0x0000000100000000)
  region size 1024K, 18 young (18432K), 1 survivors (1024K)
 Metaspace       used 10672K, committed 10944K, reserved 1064960K
  class space    used 1263K, committed 1408K, reserved 1048576K
}
Event: 6.211 GC heap after
{Heap after GC invocations=13 (full 2):
 garbage-first heap   total 93184K, used 39440K [0x0000000082800000, 0x0000000100000000)
  region size 1024K, 0 young (0K), 0 survivors (0K)
 Metaspace       used 10672K, committed 10944K, reserved 1064960K
  class space    used 1263K, committed 1408K, reserved 1048576K
}
Event: 7.833 GC heap before
{Heap before GC invocations=13 (full 2):
 garbage-first heap   total 93184K, used 40464K [0x0000000082800000, 0x0000000100000000)
  region size 1024K, 2 young (2048K), 0 survivors (0K)
 Metaspace       used 10872K, committed 11072K, reserved 1064960K
  class space    used 1276K, committed 1408K, reserved 1048576K
}
Event: 7.844 GC heap after
{Heap after GC invocations=14 (full 3):
 garbage-first heap   total 93184K, used 39533K [0x0000000082800000, 0x0000000100000000)
  region size 1024K, 0 young (0K), 0 survivors (0K)
 Metaspace       used 10872K, committed 11072K, reserved 1064960K
  class space    used 1276K, committed 1408K, reserved 1048576K
}
Event: 41.173 GC heap before
{Heap before GC invocations=14 (full 3):
 garbage-first heap   total 93184K, used 61037K [0x0000000082800000, 0x0000000100000000)
  region size 1024K, 21 young (21504K), 0 survivors (0K)
 Metaspace       used 11057K, committed 11328K, reserved 1064960K
  class space    used 1276K, committed 1408K, reserved 1048576K
}
Event: 41.174 GC heap after
{Heap after GC invocations=15 (full 3):
 garbage-first heap   total 93184K, used 39573K [0x0000000082800000, 0x0000000100000000)
  region size 1024K, 1 young (1024K), 1 survivors (1024K)
 Metaspace       used 11057K, committed 11328K, reserved 1064960K
  class space    used 1276K, committed 1408K, reserved 1048576K
}

Deoptimization events (20 events):
Event: 16.686 Thread 0x000002bef76c8bf0 Uncommon trap: trap_request=0xffffff45 fr.pc=0x000002bee6e1dc88 relative=0x0000000000000288
Event: 16.686 Thread 0x000002bef76c8bf0 Uncommon trap: reason=unstable_if action=reinterpret pc=0x000002bee6e1dc88 method=com.golden.gamedev.object.SpriteGroup.update(J)V @ 65 c2
Event: 16.686 Thread 0x000002bef76c8bf0 DEOPT PACKING pc=0x000002bee6e1dc88 sp=0x000000da9f6ff1a0
Event: 16.686 Thread 0x000002bef76c8bf0 DEOPT UNPACKING pc=0x000002bedf2e23a3 sp=0x000000da9f6ff130 mode 2
Event: 22.738 Thread 0x000002bef76c8bf0 Uncommon trap: trap_request=0xffffff45 fr.pc=0x000002bee6e24840 relative=0x00000000000002c0
Event: 22.738 Thread 0x000002bef76c8bf0 Uncommon trap: reason=unstable_if action=reinterpret pc=0x000002bee6e24840 method=com.golden.gamedev.object.SpriteGroup.update(J)V @ 123 c2
Event: 22.738 Thread 0x000002bef76c8bf0 DEOPT PACKING pc=0x000002bee6e24840 sp=0x000000da9f6ff1a0
Event: 22.738 Thread 0x000002bef76c8bf0 DEOPT UNPACKING pc=0x000002bedf2e23a3 sp=0x000000da9f6ff130 mode 2
Event: 22.738 Thread 0x000002bef76c8bf0 Uncommon trap: trap_request=0xffffff45 fr.pc=0x000002bee6e1bffc relative=0x000000000000053c
Event: 22.738 Thread 0x000002bef76c8bf0 Uncommon trap: reason=unstable_if action=reinterpret pc=0x000002bee6e1bffc method=com.golden.gamedev.object.collision.BasicCollisionGroup.checkCollision()V @ 65 c2
Event: 22.738 Thread 0x000002bef76c8bf0 DEOPT PACKING pc=0x000002bee6e1bffc sp=0x000000da9f6ff1d0
Event: 22.738 Thread 0x000002bef76c8bf0 DEOPT UNPACKING pc=0x000002bedf2e23a3 sp=0x000000da9f6ff148 mode 2
Event: 22.747 Thread 0x000002bef76c8bf0 Uncommon trap: trap_request=0xffffff45 fr.pc=0x000002bee6e1e390 relative=0x00000000000000f0
Event: 22.747 Thread 0x000002bef76c8bf0 Uncommon trap: reason=unstable_if action=reinterpret pc=0x000002bee6e1e390 method=com.golden.gamedev.object.SpriteGroup.render(Ljava/awt/Graphics2D;)V @ 29 c2
Event: 22.747 Thread 0x000002bef76c8bf0 DEOPT PACKING pc=0x000002bee6e1e390 sp=0x000000da9f6ff270
Event: 22.747 Thread 0x000002bef76c8bf0 DEOPT UNPACKING pc=0x000002bedf2e23a3 sp=0x000000da9f6ff208 mode 2
Event: 22.858 Thread 0x000002bef76c8bf0 DEOPT PACKING pc=0x000002bedfc4e293 sp=0x000000da9f6ff1a0
Event: 22.858 Thread 0x000002bef76c8bf0 DEOPT UNPACKING pc=0x000002bedf2e2b43 sp=0x000000da9f6fe630 mode 0
Event: 22.868 Thread 0x000002bef76c8bf0 DEOPT PACKING pc=0x000002bedfc4e293 sp=0x000000da9f6ff1a0
Event: 22.868 Thread 0x000002bef76c8bf0 DEOPT UNPACKING pc=0x000002bedf2e2b43 sp=0x000000da9f6fe630 mode 0

Classes unloaded (0 events):
No events

Classes redefined (0 events):
No events

Internal exceptions (16 events):
Event: 0.080 Thread 0x000002bed6248a40 Exception <a 'java/lang/ClassNotFoundException'{0x000000008a45a2e0}: sun/awt/resources/spi/awtProvider> (0x000000008a45a2e0) 
thrown [s\open\src\hotspot\share\classfile\systemDictionary.cpp, line 256]
Event: 0.156 Thread 0x000002bed6248a40 Exception <a 'java/io/FileNotFoundException'{0x000000008a4b7d40}> (0x000000008a4b7d40) 
thrown [s\open\src\hotspot\share\prims\jni.cpp, line 516]
Event: 0.169 Thread 0x000002bed6248a40 Exception <a 'java/io/FileNotFoundException'{0x000000008a4e4f68}> (0x000000008a4e4f68) 
thrown [s\open\src\hotspot\share\prims\jni.cpp, line 516]
Event: 0.229 Thread 0x000002bed6248a40 Exception <a 'java/lang/NoSuchMethodError'{0x000000008a33be90}: 'java.lang.Object java.lang.invoke.DirectMethodHandle$Holder.invokeStaticInit(java.lang.Object)'> (0x000000008a33be90) 
thrown [s\open\src\hotspot\share\interpreter\linkResolver.cpp, line 759]
Event: 0.288 Thread 0x000002bed6248a40 Exception <a 'java/lang/NoSuchMethodError'{0x000000008a3d4120}: 'void java.lang.invoke.DirectMethodHandle$Holder.invokeSpecial(java.lang.Object, java.lang.Object, java.lang.Object)'> (0x000000008a3d4120) 
thrown [s\open\src\hotspot\share\interpreter\linkResolver.cpp, line 759]
Event: 0.294 Thread 0x000002bed6248a40 Exception <a 'java/lang/NoSuchMethodError'{0x000000008a3fe1d0}: 'java.lang.Object java.lang.invoke.DirectMethodHandle$Holder.newInvokeSpecial(java.lang.Object, java.lang.Object, java.lang.Object, java.lang.Object, java.lang.Object)'> (0x000000008a3fe1d0) 
thrown [s\open\src\hotspot\share\interpreter\linkResolver.cpp, line 759]
Event: 0.295 Thread 0x000002bed6248a40 Exception <a 'java/lang/NoSuchMethodError'{0x000000008a20a110}: 'java.lang.Object java.lang.invoke.DirectMethodHandle$Holder.invokeStatic(java.lang.Object, int, java.lang.Object, java.lang.Object, java.lang.Object, java.lang.Object)'> (0x000000008a20a110) 
thrown [s\open\src\hotspot\share\interpreter\linkResolver.cpp, line 759]
Event: 0.298 Thread 0x000002bed6248a40 Exception <a 'java/lang/NoSuchMethodError'{0x000000008a22f830}: 'java.lang.Object java.lang.invoke.DirectMethodHandle$Holder.invokeStatic(java.lang.Object, int, java.lang.Object)'> (0x000000008a22f830) 
thrown [s\open\src\hotspot\share\interpreter\linkResolver.cpp, line 759]
Event: 0.324 Thread 0x000002bed6248a40 Exception <a 'java/lang/ClassNotFoundException'{0x000000008a2e8270}: com/sun/swing/internal/plaf/metal/resources/spi/metalProvider> (0x000000008a2e8270) 
thrown [s\open\src\hotspot\share\classfile\systemDictionary.cpp, line 256]
Event: 0.325 Thread 0x000002bed6248a40 Exception <a 'java/lang/ClassNotFoundException'{0x000000008a2ec0f8}: com/sun/swing/internal/plaf/basic/resources/spi/basicProvider> (0x000000008a2ec0f8) 
thrown [s\open\src\hotspot\share\classfile\systemDictionary.cpp, line 256]
Event: 0.398 Thread 0x000002bed6248a40 Exception <a 'java/lang/NoSuchMethodError'{0x000000008a16bcb0}: 'void java.lang.invoke.DirectMethodHandle$Holder.invokeStatic(java.lang.Object, java.lang.Object, java.lang.Object)'> (0x000000008a16bcb0) 
thrown [s\open\src\hotspot\share\interpreter\linkResolver.cpp, line 759]
Event: 0.399 Thread 0x000002bed6248a40 Exception <a 'java/lang/NoSuchMethodError'{0x000000008a172148}: 'void java.lang.invoke.DirectMethodHandle$Holder.invokeStatic(java.lang.Object, java.lang.Object)'> (0x000000008a172148) 
thrown [s\open\src\hotspot\share\interpreter\linkResolver.cpp, line 759]
Event: 0.420 Thread 0x000002bef66a2db0 Exception <a 'java/lang/NoSuchMethodError'{0x000000008a395048}: 'void java.lang.invoke.DirectMethodHandle$Holder.invokeVirtual(java.lang.Object, java.lang.Object)'> (0x000000008a395048) 
thrown [s\open\src\hotspot\share\interpreter\linkResolver.cpp, line 759]
Event: 0.432 Thread 0x000002bed6248a40 Exception <a 'java/lang/NoSuchMethodError'{0x000000008a1a6698}: 'void java.lang.invoke.DirectMethodHandle$Holder.invokeStaticInit(java.lang.Object)'> (0x000000008a1a6698) 
thrown [s\open\src\hotspot\share\interpreter\linkResolver.cpp, line 759]
Event: 0.500 Thread 0x000002bed6248a40 Exception <a 'java/lang/NoSuchMethodError'{0x000000008a021a48}: 'int java.lang.invoke.DirectMethodHandle$Holder.invokeStatic(java.lang.Object)'> (0x000000008a021a48) 
thrown [s\open\src\hotspot\share\interpreter\linkResolver.cpp, line 759]
Event: 3.645 Thread 0x000002bef76c8720 Exception <a 'java/lang/NoSuchMethodError'{0x0000000089d434f0}: 'java.lang.Object java.lang.invoke.DirectMethodHandle$Holder.newInvokeSpecial(java.lang.Object, java.lang.Object, java.lang.Object, int, int, int, int, int)'> (0x0000000089d434f0) 
thrown [s\open\src\hotspot\share\interpreter\linkResolver.cpp, line 759]

VM Operations (20 events):
Event: 18.874 Executing VM operation: Cleanup
Event: 18.874 Executing VM operation: Cleanup done
Event: 22.888 Executing VM operation: Cleanup
Event: 22.888 Executing VM operation: Cleanup done
Event: 23.888 Executing VM operation: Cleanup
Event: 23.888 Executing VM operation: Cleanup done
Event: 24.896 Executing VM operation: Cleanup
Event: 24.896 Executing VM operation: Cleanup done
Event: 28.908 Executing VM operation: Cleanup
Event: 28.908 Executing VM operation: Cleanup done
Event: 36.917 Executing VM operation: Cleanup
Event: 36.917 Executing VM operation: Cleanup done
Event: 41.173 Executing VM operation: G1CollectForAllocation
Event: 41.174 Executing VM operation: G1CollectForAllocation done
Event: 47.199 Executing VM operation: Cleanup
Event: 47.200 Executing VM operation: Cleanup done
Event: 49.212 Executing VM operation: Cleanup
Event: 49.212 Executing VM operation: Cleanup done
Event: 57.253 Executing VM operation: Cleanup
Event: 57.253 Executing VM operation: Cleanup done

Events (20 events):
Event: 5.535 loading class sun/java2d/loops/MaskBlit$General done
Event: 5.546 Thread 0x000002bef79a53f0 Thread added: 0x000002bef79a53f0
Event: 5.554 loading class sun/awt/image/PNGImageDecoder$Chromaticities
Event: 5.554 loading class sun/awt/image/PNGImageDecoder$Chromaticities done
Event: 5.727 Thread 0x000002bef790dd40 Thread added: 0x000002bef790dd40
Event: 6.154 Thread 0x000002bef79a53f0 Thread exited: 0x000002bef79a53f0
Event: 6.212 Thread 0x000002bef790f550 Thread added: 0x000002bef790f550
Event: 6.213 Thread 0x000002bef790f550 Thread exited: 0x000002bef790f550
Event: 6.219 loading class sun/java2d/opengl/OGLRenderQueue
Event: 6.219 loading class sun/java2d/opengl/OGLRenderQueue done
Event: 7.715 loading class sun/awt/DebugSettings
Event: 7.720 loading class sun/awt/DebugSettings done
Event: 7.721 loading class javax/swing/JComponent$KeyboardState
Event: 7.722 loading class javax/swing/JComponent$KeyboardState done
Event: 7.722 loading class javax/swing/JComponent$IntVector
Event: 7.722 loading class javax/swing/JComponent$IntVector done
Event: 7.844 Thread 0x000002bef7912570 Thread added: 0x000002bef7912570
Event: 7.844 Thread 0x000002bef7912570 Thread exited: 0x000002bef7912570
Event: 10.992 Thread 0x000002bef790dd40 Thread exited: 0x000002bef790dd40
Event: 11.183 Thread 0x000002bef76c8720 Thread exited: 0x000002bef76c8720


Dynamic libraries:
0x00007ff6c7800000 - 0x00007ff6c7810000 	C:\Program Files\Java\jdk-17.0.5\bin\java.exe
0x00007ffbcb0d0000 - 0x00007ffbcb2e4000 	C:\WINDOWS\SYSTEM32\ntdll.dll
0x00007ffbc92f0000 - 0x00007ffbc93b3000 	C:\WINDOWS\System32\KERNEL32.DLL
0x00007ffbc8660000 - 0x00007ffbc89fc000 	C:\WINDOWS\System32\KERNELBASE.dll
0x00007ffbc8b40000 - 0x00007ffbc8c51000 	C:\WINDOWS\System32\ucrtbase.dll
0x00007ffbc2bd0000 - 0x00007ffbc2bea000 	C:\Program Files\Java\jdk-17.0.5\bin\VCRUNTIME140.dll
0x00007ffbc2980000 - 0x00007ffbc2998000 	C:\Program Files\Java\jdk-17.0.5\bin\jli.dll
0x00007ffbc9000000 - 0x00007ffbc90ae000 	C:\WINDOWS\System32\ADVAPI32.dll
0x00007ffbcabf0000 - 0x00007ffbcac97000 	C:\WINDOWS\System32\msvcrt.dll
0x00007ffbc9240000 - 0x00007ffbc92e4000 	C:\WINDOWS\System32\sechost.dll
0x00007ffbc9d30000 - 0x00007ffbc9e45000 	C:\WINDOWS\System32\RPCRT4.dll
0x00007ffbc93c0000 - 0x00007ffbc956d000 	C:\WINDOWS\System32\USER32.dll
0x00007ffbc8630000 - 0x00007ffbc8656000 	C:\WINDOWS\System32\win32u.dll
0x00007ffbb07f0000 - 0x00007ffbb0a7e000 	C:\WINDOWS\WinSxS\amd64_microsoft.windows.common-controls_6595b64144ccf1df_6.0.22621.608_none_a9444ca7c10bb01d\COMCTL32.dll
0x00007ffbc9610000 - 0x00007ffbc9639000 	C:\WINDOWS\System32\GDI32.dll
0x00007ffbc8510000 - 0x00007ffbc8623000 	C:\WINDOWS\System32\gdi32full.dll
0x00007ffbc8e40000 - 0x00007ffbc8eda000 	C:\WINDOWS\System32\msvcp_win.dll
0x00007ffbc1f30000 - 0x00007ffbc1f3a000 	C:\WINDOWS\SYSTEM32\VERSION.dll
0x00007ffbca6e0000 - 0x00007ffbca711000 	C:\WINDOWS\System32\IMM32.DLL
0x00007ffbc3780000 - 0x00007ffbc378c000 	C:\Program Files\Java\jdk-17.0.5\bin\vcruntime140_1.dll
0x00007ffbb0fe0000 - 0x00007ffbb106d000 	C:\Program Files\Java\jdk-17.0.5\bin\msvcp140.dll
0x00007ffb5fbd0000 - 0x00007ffb60792000 	C:\Program Files\Java\jdk-17.0.5\bin\server\jvm.dll
0x00007ffbc90b0000 - 0x00007ffbc90b8000 	C:\WINDOWS\System32\PSAPI.DLL
0x00007ffbb5be0000 - 0x00007ffbb5be9000 	C:\WINDOWS\SYSTEM32\WSOCK32.dll
0x00007ffbc91c0000 - 0x00007ffbc9231000 	C:\WINDOWS\System32\WS2_32.dll
0x00007ffbc0fd0000 - 0x00007ffbc1004000 	C:\WINDOWS\SYSTEM32\WINMM.dll
0x00007ffbc7560000 - 0x00007ffbc7578000 	C:\WINDOWS\SYSTEM32\kernel.appcore.dll
0x00007ffbb5bf0000 - 0x00007ffbb5bfa000 	C:\Program Files\Java\jdk-17.0.5\bin\jimage.dll
0x00007ffbb7660000 - 0x00007ffbb788e000 	C:\WINDOWS\SYSTEM32\DBGHELP.DLL
0x00007ffbc96b0000 - 0x00007ffbc9a39000 	C:\WINDOWS\System32\combase.dll
0x00007ffbc9ba0000 - 0x00007ffbc9c77000 	C:\WINDOWS\System32\OLEAUT32.dll
0x00007ffba9200000 - 0x00007ffba9232000 	C:\WINDOWS\SYSTEM32\dbgcore.DLL
0x00007ffbc8ac0000 - 0x00007ffbc8b3b000 	C:\WINDOWS\System32\bcryptPrimitives.dll
0x00007ffbb5490000 - 0x00007ffbb54b5000 	C:\Program Files\Java\jdk-17.0.5\bin\java.dll
0x00007ffb6d390000 - 0x00007ffb6d466000 	C:\Program Files\Java\jdk-17.0.5\bin\jsvml.dll
0x00007ffbc9ef0000 - 0x00007ffbca6e0000 	C:\WINDOWS\System32\SHELL32.dll
0x00007ffbc6520000 - 0x00007ffbc6dee000 	C:\WINDOWS\SYSTEM32\windows.storage.dll
0x00007ffbc63e0000 - 0x00007ffbc651e000 	C:\WINDOWS\SYSTEM32\wintypes.dll
0x00007ffbc90c0000 - 0x00007ffbc91b1000 	C:\WINDOWS\System32\SHCORE.dll
0x00007ffbc9650000 - 0x00007ffbc96ae000 	C:\WINDOWS\System32\shlwapi.dll
0x00007ffbc8440000 - 0x00007ffbc8461000 	C:\WINDOWS\SYSTEM32\profapi.dll
0x00007ffb6a710000 - 0x00007ffb6a89f000 	C:\Program Files\Java\jdk-17.0.5\bin\awt.dll
0x00007ffbc5600000 - 0x00007ffbc5697000 	C:\WINDOWS\SYSTEM32\apphelp.dll
0x00007ffbc59d0000 - 0x00007ffbc59fb000 	C:\WINDOWS\system32\DWMAPI.DLL
0x00007ffbc57b0000 - 0x00007ffbc585b000 	C:\WINDOWS\system32\uxtheme.dll
0x00007ffb9d720000 - 0x00007ffb9d820000 	C:\WINDOWS\system32\opengl32.dll
0x00007ffbc1030000 - 0x00007ffbc105d000 	C:\WINDOWS\SYSTEM32\GLU32.dll
0x00007ffbc5a00000 - 0x00007ffbc5a36000 	C:\WINDOWS\SYSTEM32\dxcore.dll
0x00007ffb6a050000 - 0x00007ffb6a189000 	C:\ProgramData\A-Volute\A-Volute.Nahimic\Modules\Scheduled\x64\AudioDevProps2.dll
0x00007ffbcaef0000 - 0x00007ffbcb08c000 	C:\WINDOWS\System32\ole32.dll
0x00007ffbc8ee0000 - 0x00007ffbc8ffe000 	C:\WINDOWS\System32\MSCTF.dll
0x00007ffb96e80000 - 0x00007ffb96f06000 	C:\Program Files\Java\jdk-17.0.5\bin\freetype.dll
0x00007ffb6d2c0000 - 0x00007ffb6d385000 	C:\Program Files\Java\jdk-17.0.5\bin\fontmanager.dll
0x00007ffbb57d0000 - 0x00007ffbb57e9000 	C:\Program Files\Java\jdk-17.0.5\bin\net.dll
0x00007ffbc1c10000 - 0x00007ffbc1d3f000 	C:\WINDOWS\SYSTEM32\WINHTTP.dll
0x00007ffbc79d0000 - 0x00007ffbc7a39000 	C:\WINDOWS\system32\mswsock.dll
0x00007ffbb4770000 - 0x00007ffbb4786000 	C:\Program Files\Java\jdk-17.0.5\bin\nio.dll
0x00007ffbc9c80000 - 0x00007ffbc9d30000 	C:\WINDOWS\System32\clbcatq.dll
0x00007ffbc3cc0000 - 0x00007ffbc3e70000 	C:\WINDOWS\SYSTEM32\WindowsCodecs.dll
0x00007ffb97850000 - 0x00007ffb978ae000 	C:\WINDOWS\system32\dataexchange.dll
0x00007ffbc0780000 - 0x00007ffbc09ea000 	C:\WINDOWS\system32\twinapi.appcore.dll
0x00007ffba78d0000 - 0x00007ffba79fe000 	C:\WINDOWS\SYSTEM32\textinputframework.dll
0x00007ffbc50c0000 - 0x00007ffbc51f3000 	C:\WINDOWS\SYSTEM32\CoreMessaging.dll
0x00007ffbc1f60000 - 0x00007ffbc22cc000 	C:\WINDOWS\SYSTEM32\CoreUIComponents.dll
0x00007ffbc7c50000 - 0x00007ffbc7c5c000 	C:\WINDOWS\SYSTEM32\CRYPTBASE.DLL
0x00007ffbb4750000 - 0x00007ffbb4768000 	C:\Program Files\Java\jdk-17.0.5\bin\zip.dll
0x00007ffbb46b0000 - 0x00007ffbb46c1000 	C:\Program Files\Java\jdk-17.0.5\bin\jsound.dll
0x00007ffb6d090000 - 0x00007ffb6d132000 	C:\WINDOWS\SYSTEM32\DSOUND.dll
0x00007ffbc83e0000 - 0x00007ffbc842d000 	C:\WINDOWS\SYSTEM32\powrprof.dll
0x00007ffb6ccf0000 - 0x00007ffb6cda1000 	C:\WINDOWS\SYSTEM32\ResampleDmo.DLL
0x00007ffbc11d0000 - 0x00007ffbc11f9000 	C:\WINDOWS\SYSTEM32\winmmbase.dll
0x00007ffbb5aa0000 - 0x00007ffbb5aab000 	C:\WINDOWS\SYSTEM32\msdmo.dll
0x00007ffbc8310000 - 0x00007ffbc8323000 	C:\WINDOWS\SYSTEM32\UMPDC.dll
0x00007ffbbab80000 - 0x00007ffbbac1d000 	C:\WINDOWS\System32\MMDevApi.dll
0x00007ffbc80e0000 - 0x00007ffbc810c000 	C:\WINDOWS\System32\DEVOBJ.dll
0x00007ffbc8110000 - 0x00007ffbc815e000 	C:\WINDOWS\SYSTEM32\cfgmgr32.dll
0x00007ffbb5d70000 - 0x00007ffbb5f55000 	C:\WINDOWS\SYSTEM32\AudioSes.dll
0x00007ffba9f60000 - 0x00007ffba9fc7000 	C:\ProgramData\A-Volute\A-Volute.Nahimic\Modules\Scheduled\x64\ProductInfo.dll
0x00007ffb54440000 - 0x00007ffb54483000 	C:\ProgramData\A-Volute\A-Volute.Nahimic\Modules\Scheduled\x64\ASM.Plugin.AudioDevProps2.dll
0x00007ffbc35d0000 - 0x00007ffbc36d0000 	C:\WINDOWS\SYSTEM32\PropSys.dll
0x00007ffbc10d0000 - 0x00007ffbc1116000 	C:\WINDOWS\SYSTEM32\wdmaud.drv
0x00007ffbc2640000 - 0x00007ffbc264b000 	C:\WINDOWS\SYSTEM32\AVRT.dll
0x00007ffba51b0000 - 0x00007ffba51b9000 	C:\WINDOWS\SYSTEM32\ksuser.dll
0x00007ffbc55b0000 - 0x00007ffbc55be000 	C:\WINDOWS\SYSTEM32\msacm32.drv
0x00007ffbc37e0000 - 0x00007ffbc37fe000 	C:\WINDOWS\SYSTEM32\MSACM32.dll
0x00007ffbc37d0000 - 0x00007ffbc37db000 	C:\WINDOWS\SYSTEM32\midimap.dll
0x00007ffbc5d80000 - 0x00007ffbc5d95000 	C:\WINDOWS\SYSTEM32\resourcepolicyclient.dll
0x00007ffbb30d0000 - 0x00007ffbb3244000 	C:\Windows\System32\Windows.UI.dll
0x00007ffb9a7c0000 - 0x00007ffb9a82b000 	C:\WINDOWS\system32\Ninput.dll

dbghelp: loaded successfully - version: 4.0.5 - missing functions: none
symbol engine: initialized successfully - sym options: 0x614 - pdb path: .;C:\Program Files\Java\jdk-17.0.5\bin;C:\WINDOWS\SYSTEM32;C:\WINDOWS\WinSxS\amd64_microsoft.windows.common-controls_6595b64144ccf1df_6.0.22621.608_none_a9444ca7c10bb01d;C:\Program Files\Java\jdk-17.0.5\bin\server;C:\ProgramData\A-Volute\A-Volute.Nahimic\Modules\Scheduled\x64

VM Arguments:
jvm_args: -XX:+ShowCodeDetailsInExceptionMessages 
java_command: SandBox.WholeGame
java_class_path (initial): C:\Users\erenz\AppData\Roaming\Code\User\workspaceStorage\82007f63c8491edb0e6306a60c522d31\redhat.java\jdt_ws\Mario Nes 60 FPS_5c16dc40\bin
Launcher Type: SUN_STANDARD

[Global flags]
     intx CICompilerCount                          = 3                                         {product} {ergonomic}
     uint ConcGCThreads                            = 1                                         {product} {ergonomic}
     uint G1ConcRefinementThreads                  = 4                                         {product} {ergonomic}
   size_t G1HeapRegionSize                         = 1048576                                   {product} {ergonomic}
    uintx GCDrainStackTargetSize                   = 64                                        {product} {ergonomic}
   size_t InitialHeapSize                          = 132120576                                 {product} {ergonomic}
   size_t MarkStackSize                            = 4194304                                   {product} {ergonomic}
   size_t MaxHeapSize                              = 2105540608                                {product} {ergonomic}
   size_t MaxNewSize                               = 1262485504                                {product} {ergonomic}
   size_t MinHeapDeltaBytes                        = 1048576                                   {product} {ergonomic}
   size_t MinHeapSize                              = 8388608                                   {product} {ergonomic}
    uintx NonNMethodCodeHeapSize                   = 5832780                                {pd product} {ergonomic}
    uintx NonProfiledCodeHeapSize                  = 122912730                              {pd product} {ergonomic}
    uintx ProfiledCodeHeapSize                     = 122912730                              {pd product} {ergonomic}
    uintx ReservedCodeCacheSize                    = 251658240                              {pd product} {ergonomic}
     bool SegmentedCodeCache                       = true                                      {product} {ergonomic}
     bool ShowCodeDetailsInExceptionMessages       = true                                   {manageable} {command line}
   size_t SoftMaxHeapSize                          = 2105540608                             {manageable} {ergonomic}
     bool UseCompressedClassPointers               = true                           {product lp64_product} {ergonomic}
     bool UseCompressedOops                        = true                           {product lp64_product} {ergonomic}
     bool UseG1GC                                  = true                                      {product} {ergonomic}
     bool UseLargePagesIndividualAllocation        = false                                  {pd product} {ergonomic}

Logging:
Log output configuration:
 #0: stdout all=warning uptime,level,tags
 #1: stderr all=off uptime,level,tags

Environment Variables:
PATH=C:\ProgramData\Oracle\Java\javapath;C:\Program Files\Common Files\Oracle\Java\javapath;C:\Windows\System32\HWAudioDriverLibs;C:\Windows\system32;C:\Windows;C:\Windows\System32\Wbem;C:\Windows\System32\WindowsPowerShell\v1.0\;C:\Windows\System32\OpenSSH\;C:\Windows\system32\config\systemprofile\AppData\Local\Microsoft\WindowsApps;C:\WINDOWS\system32;C:\WINDOWS;C:\WINDOWS\System32\Wbem;C:\WINDOWS\System32\WindowsPowerShell\v1.0\;C:\WINDOWS\System32\OpenSSH\;C:\Users\erenz\AppData\Local\Microsoft\WindowsApps;;C:\Users\erenz\AppData\Local\Programs\Microsoft VS Code\bin
USERNAME=erenz
LANG=en_US.UTF-8
OS=Windows_NT
PROCESSOR_IDENTIFIER=Intel64 Family 6 Model 142 Stepping 12, GenuineIntel



---------------  S Y S T E M  ---------------

OS:
 Windows 11 , 64 bit Build 22621 (10.0.22621.1344)
OS uptime: 5 days 20:32 hours

CPU: total 4 (initial active 4) (2 cores per cpu, 2 threads per core) family 6 model 142 stepping 12 microcode 0xde, cx8, cmov, fxsr, ht, mmx, 3dnowpref, sse, sse2, sse3, ssse3, sse4.1, sse4.2, popcnt, lzcnt, tsc, tscinvbit, avx, avx2, aes, erms, clmul, bmi1, bmi2, adx, fma, vzeroupper, clflush, clflushopt

Memory: 4k page, system-wide physical 8025M (352M free)
TotalPageFile size 23385M (AvailPageFile size 2M)
current process WorkingSet (physical memory assigned to process): 157M, peak: 157M
current process commit charge ("private bytes"): 206M, peak: 225M

vm_info: Java HotSpot(TM) 64-Bit Server VM (17.0.5+9-LTS-191) for windows-amd64 JRE (17.0.5+9-LTS-191), built on Sep 13 2022 17:31:43 by "mach5one" with MS VC++ 16.8 / 16.9 (VS2019)

END.
